<?xml version="1.0" encoding="UTF-8"?>
<!-- Generated by org.testng.reporters.JUnitReportReporter -->
<testsuite hostname="LAPTOP-U50S12S3" failures="0" tests="1" name="test.com.GoogleSearchTest" time="30.225" errors="0" timestamp="21 Jan 2024 23:39:53 GMT">
  <testcase classname="test.com.GoogleSearchTest" name="testFacebook" time="30.225"/>
</testsuite> <!-- test.com.GoogleSearchTest -->
